<?xml version="1.0" encoding="UTF-8"?>
<testng-results skipped="0" failed="0" ignored="0" total="1" passed="1">
  <reporter-output>
  </reporter-output>
  <suite name="Default suite" duration-ms="11652" started-at="2022-07-26T06:29:23Z" finished-at="2022-07-26T06:29:34Z">
    <groups>
    </groups>
    <test name="Default test" duration-ms="11652" started-at="2022-07-26T06:29:23Z" finished-at="2022-07-26T06:29:34Z">
      <class name="ContainerTest.newTest">
        <test-method status="PASS" signature="test1()[pri:0, instance:ContainerTest.newTest@589838eb]" name="test1" duration-ms="11590" started-at="2022-07-26T06:29:23Z" finished-at="2022-07-26T06:29:34Z">
          <reporter-output>
          </reporter-output>
        </test-method> <!-- test1 -->
      </class> <!-- ContainerTest.newTest -->
    </test> <!-- Default test -->
  </suite> <!-- Default suite -->
</testng-results>
